<?xml version="1.0" encoding="UTF-8" ?>
<testsuite tests="24" failures="0" name="br.unicamp.exemplo.runner.RunCalculadoraTest" time="0.016" errors="0" skipped="0">
  <properties>
    <property name="java.runtime.name" value="Java(TM) SE Runtime Environment"/>
    <property name="sun.boot.library.path" value="C:\Program Files\Java\jre1.8.0_101\bin"/>
    <property name="java.vm.version" value="25.101-b13"/>
    <property name="java.vm.vendor" value="Oracle Corporation"/>
    <property name="maven.multiModuleProjectDirectory" value="D:\Faculdade\bookstore-correios"/>
    <property name="java.vendor.url" value="http://java.oracle.com/"/>
    <property name="path.separator" value=";"/>
    <property name="guice.disable.misplaced.annotation.check" value="true"/>
    <property name="java.vm.name" value="Java HotSpot(TM) 64-Bit Server VM"/>
    <property name="file.encoding.pkg" value="sun.io"/>
    <property name="user.script" value=""/>
    <property name="user.country" value="BR"/>
    <property name="sun.java.launcher" value="SUN_STANDARD"/>
    <property name="sun.os.patch.level" value=""/>
    <property name="java.vm.specification.name" value="Java Virtual Machine Specification"/>
    <property name="user.dir" value="D:\Faculdade\bookstore-correios"/>
    <property name="java.runtime.version" value="1.8.0_101-b13"/>
    <property name="java.awt.graphicsenv" value="sun.awt.Win32GraphicsEnvironment"/>
    <property name="java.endorsed.dirs" value="C:\Program Files\Java\jre1.8.0_101\lib\endorsed"/>
    <property name="os.arch" value="amd64"/>
    <property name="java.io.tmpdir" value="C:\Users\rodolfo\AppData\Local\Temp\"/>
    <property name="line.separator" value="
"/>
    <property name="java.vm.specification.vendor" value="Oracle Corporation"/>
    <property name="user.variant" value=""/>
    <property name="os.name" value="Windows 10"/>
    <property name="classworlds.conf" value="D:\Faculdade\.metadata\.plugins\org.eclipse.m2e.launching\launches\m2conf4645874552916859854.tmp"/>
    <property name="sun.jnu.encoding" value="Cp1252"/>
    <property name="java.library.path" value="C:\Program Files\Java\jre1.8.0_101\bin;C:\WINDOWS\Sun\Java\bin;C:\WINDOWS\system32;C:\WINDOWS;C:/Program Files/Java/jre1.8.0_101/bin/server;C:/Program Files/Java/jre1.8.0_101/bin;C:/Program Files/Java/jre1.8.0_101/lib/amd64;C:\ProgramData\Oracle\Java\javapath;C:\Program Files (x86)\Intel\iCLS Client\;C:\Program Files\Intel\iCLS Client\;C:\WINDOWS\system32;C:\WINDOWS;C:\WINDOWS\System32\Wbem;C:\WINDOWS\System32\WindowsPowerShell\v1.0\;C:\Program Files\Intel\Intel(R) Management Engine Components\DAL;C:\Program Files\Intel\Intel(R) Management Engine Components\IPT;C:\Program Files (x86)\Intel\Intel(R) Management Engine Components\DAL;C:\Program Files (x86)\Intel\Intel(R) Management Engine Components\IPT;C:\Program Files (x86)\Intel\OpenCL SDK\2.0\bin\x86;C:\Program Files (x86)\Intel\OpenCL SDK\2.0\bin\x64;C:\Program Files\Microsoft\Web Platform Installer\;C:\Program Files (x86)\Microsoft ASP.NET\ASP.NET Web Pages\v1.0\;C:\Program Files\Microsoft SQL Server\110\Tools\Binn\;C:\Program Files (x86)\Microsoft SQL Server\110\Tools\Binn\;C:\Program Files\Microsoft SQL Server\110\DTS\Binn\;C:\Program Files (x86)\Microsoft SQL Server\110\Tools\Binn\ManagementStudio\;C:\Program Files (x86)\Microsoft Visual Studio 10.0\Common7\IDE\PrivateAssemblies\;C:\Program Files (x86)\Microsoft SQL Server\110\DTS\Binn\;C:\WINDOWS\system32\config\systemprofile\.dnx\bin;C:\Program Files\Microsoft DNX\Dnvm\;C:\Program Files (x86)\Windows Kits\8.1\Windows Performance Toolkit\;C:\Program Files\Microsoft SQL Server\130\Tools\Binn\;C:\Program Files (x86)\nodejs\;C:\Program Files\Git\cmd;C:\Users\rodolfo\AppData\Local\Microsoft\WindowsApps;C:\Users\rodolfo\AppData\Roaming\npm;C:\Users\rodolfo\Desktop;;."/>
    <property name="java.specification.name" value="Java Platform API Specification"/>
    <property name="java.class.version" value="52.0"/>
    <property name="sun.management.compiler" value="HotSpot 64-Bit Tiered Compilers"/>
    <property name="os.version" value="10.0"/>
    <property name="user.home" value="C:\Users\rodolfo"/>
    <property name="user.timezone" value="America/Sao_Paulo"/>
    <property name="java.awt.printerjob" value="sun.awt.windows.WPrinterJob"/>
    <property name="java.specification.version" value="1.8"/>
    <property name="file.encoding" value="Cp1252"/>
    <property name="user.name" value="rodolfo"/>
    <property name="java.class.path" value="/C:/Users/rodolfo/.p2/pool/plugins/org.eclipse.m2e.maven.runtime_1.6.2.20150902-0001/jars/plexus-classworlds-2.5.2.jar"/>
    <property name="java.vm.specification.version" value="1.8"/>
    <property name="sun.arch.data.model" value="64"/>
    <property name="java.home" value="C:\Program Files\Java\jre1.8.0_101"/>
    <property name="sun.java.command" value="org.codehaus.plexus.classworlds.launcher.Launcher -B install"/>
    <property name="java.specification.vendor" value="Oracle Corporation"/>
    <property name="user.language" value="pt"/>
    <property name="awt.toolkit" value="sun.awt.windows.WToolkit"/>
    <property name="java.vm.info" value="mixed mode"/>
    <property name="java.version" value="1.8.0_101"/>
    <property name="java.ext.dirs" value="C:\Program Files\Java\jre1.8.0_101\lib\ext;C:\WINDOWS\Sun\Java\lib\ext"/>
    <property name="sun.boot.class.path" value="C:\Program Files\Java\jre1.8.0_101\lib\resources.jar;C:\Program Files\Java\jre1.8.0_101\lib\rt.jar;C:\Program Files\Java\jre1.8.0_101\lib\sunrsasign.jar;C:\Program Files\Java\jre1.8.0_101\lib\jsse.jar;C:\Program Files\Java\jre1.8.0_101\lib\jce.jar;C:\Program Files\Java\jre1.8.0_101\lib\charsets.jar;C:\Program Files\Java\jre1.8.0_101\lib\jfr.jar;C:\Program Files\Java\jre1.8.0_101\classes"/>
    <property name="java.vendor" value="Oracle Corporation"/>
    <property name="maven.home" value="D:\Faculdade\bookstore-correios\EMBEDDED"/>
    <property name="file.separator" value="\"/>
    <property name="java.vendor.url.bug" value="http://bugreport.sun.com/bugreport/"/>
    <property name="sun.cpu.endian" value="little"/>
    <property name="sun.io.unicode.encoding" value="UnicodeLittle"/>
    <property name="sun.desktop" value="windows"/>
    <property name="sun.cpu.isalist" value="amd64"/>
  </properties>
  <testcase classname="Scenario: Sum two numbers" name="Given I have a calculator" time="0"/>
  <testcase classname="Scenario: Sum two numbers" name="When I sum 3 with 3" time="0"/>
  <testcase classname="Scenario: Sum two numbers" name="Then the result should be 6" time="0"/>
  <testcase classname="Scenario: Sum two numbers" name="Scenario: Sum two numbers" time="0.016"/>
  <testcase classname="| 1 | 0 | 0 |" name="Given I have a calculator" time="0"/>
  <testcase classname="| 1 | 0 | 0 |" name="When I multiply 1 with 0" time="0"/>
  <testcase classname="| 1 | 0 | 0 |" name="Then the result should be 0" time="0"/>
  <testcase classname="| 1 | 0 | 0 |" name="| 1 | 0 | 0 |" time="0"/>
  <testcase classname="| 2 | 2 | 4 |" name="Given I have a calculator" time="0"/>
  <testcase classname="| 2 | 2 | 4 |" name="When I multiply 2 with 2" time="0"/>
  <testcase classname="| 2 | 2 | 4 |" name="Then the result should be 4" time="0"/>
  <testcase classname="| 2 | 2 | 4 |" name="| 2 | 2 | 4 |" time="0"/>
  <testcase classname="| 3 | 10 | 30 |" name="Given I have a calculator" time="0"/>
  <testcase classname="| 3 | 10 | 30 |" name="When I multiply 3 with 10" time="0"/>
  <testcase classname="| 3 | 10 | 30 |" name="Then the result should be 30" time="0"/>
  <testcase classname="| 3 | 10 | 30 |" name="| 3 | 10 | 30 |" time="0"/>
  <testcase classname="Scenario: Division by zero" name="Given I have a calculator" time="0"/>
  <testcase classname="Scenario: Division by zero" name="When I divide 7 with 0" time="0"/>
  <testcase classname="Scenario: Division by zero" name="Then should show an error with a message:" time="0"/>
  <testcase classname="Scenario: Division by zero" name="Scenario: Division by zero" time="0"/>
  <testcase classname="Scenario: Divide two numbers" name="Given I have a calculator" time="0"/>
  <testcase classname="Scenario: Divide two numbers" name="When I divide 9 with 3" time="0"/>
  <testcase classname="Scenario: Divide two numbers" name="Then the result should be 3" time="0"/>
  <testcase classname="Scenario: Divide two numbers" name="Scenario: Divide two numbers" time="0"/>
</testsuite>